<?xml version="1.0" encoding="UTF-8"?>
<!-- Generated by org.testng.reporters.JUnitXMLReporter -->
<testsuite ignored="2" hostname="DESKTOP-LV82ONI" failures="0" tests="2" name="Test" time="34.44" errors="0" timestamp="2021-08-03T15:50:25 IST">
  <testcase classname="com.LawyerWangu.generics.BaseClasslwlive" name="@BeforeMethod Login" time="0.004">
    <failure type="java.lang.NullPointerException">
      <![CDATA[java.lang.NullPointerException
at org.openqa.selenium.support.pagefactory.DefaultElementLocator.findElement(DefaultElementLocator.java:69)
at org.openqa.selenium.support.pagefactory.internal.LocatingElementHandler.invoke(LocatingElementHandler.java:38)
at com.sun.proxy.$Proxy14.click(Unknown Source)
at com.LawyerWangu.Pom.Loginlive.setLoginpass(Loginlive.java:37)
at com.LawyerWangu.generics.BaseClasslwlive.Login(BaseClasslwlive.java:81)
at java.base/java.util.ArrayList.forEach(ArrayList.java:1540)
... Removed 31 stack frames]]>
    </failure>
  </testcase> <!-- @BeforeMethod Login -->
  <testcase classname="com.LawyerWangu.generics.BaseClasslwlive" name="@AfterMethod logoutlive" time="-1.627986025616E9">
    <skipped/>
  </testcase> <!-- @AfterMethod logoutlive -->
  <testcase classname="com.LawyerWangu.test.CorporateLogin" name="login" time="7.904"/>
  <testcase classname="com.LawyerWangu.test.TestLogin" name="test" time="0.0">
    <skipped/>
  </testcase> <!-- test -->
  <testcase classname="com.LawyerWangu.generics.BaseClasslwlive" name="@BeforeTest openBrowser" time="0.0">
    <ignored/>
  </testcase> <!-- @BeforeTest openBrowser -->
  <testcase classname="com.LawyerWangu.generics.BaseClasslwlive" name="@AfterTest closeBrowser" time="0.0">
    <ignored/>
  </testcase> <!-- @AfterTest closeBrowser -->
</testsuite> <!-- Test -->
