<?xml version="1.0" encoding="UTF-8"?>
<testng-results ignored="0" total="1" passed="1" failed="0" skipped="0">
  <reporter-output>
    <line>
      <![CDATA[Login Account]]>
    </line>
    <line>
      <![CDATA[Click on My Account]]>
    </line>
    <line>
      <![CDATA[Add New Contact]]>
    </line>
    <line>
      <![CDATA[Contact Created]]>
    </line>
    <line>
      <![CDATA[MyAccount Pass]]>
    </line>
  </reporter-output>
  <suite started-at="2021-08-03T16:11:07 IST" name="Default suite" finished-at="2021-08-03T16:12:16 IST" duration-ms="69189">
    <groups>
    </groups>
    <test started-at="2021-08-03T16:11:07 IST" name="Default test" finished-at="2021-08-03T16:12:16 IST" duration-ms="69189">
      <class name="com.LawyerWangu.test.TestLogin">
        <test-method is-config="true" signature="openBrowser()[pri:0, instance:com.LawyerWangu.test.TestLogin@14d3bc22]" started-at="2021-08-03T16:11:07 IST" name="openBrowser" finished-at="2021-08-03T16:11:19 IST" duration-ms="12216" status="PASS">
          <reporter-output>
          </reporter-output>
        </test-method> <!-- openBrowser -->
        <test-method is-config="true" signature="Login()[pri:0, instance:com.LawyerWangu.test.TestLogin@14d3bc22]" started-at="2021-08-03T16:11:19 IST" name="Login" finished-at="2021-08-03T16:11:33 IST" duration-ms="13798" status="PASS">
          <reporter-output>
            <line>
              <![CDATA[Login Account]]>
            </line>
          </reporter-output>
        </test-method> <!-- Login -->
        <test-method signature="test()[pri:0, instance:com.LawyerWangu.test.TestLogin@14d3bc22]" started-at="2021-08-03T16:11:33 IST" name="test" finished-at="2021-08-03T16:12:13 IST" duration-ms="39415" status="PASS">
          <reporter-output>
            <line>
              <![CDATA[Click on My Account]]>
            </line>
            <line>
              <![CDATA[Add New Contact]]>
            </line>
            <line>
              <![CDATA[Contact Created]]>
            </line>
            <line>
              <![CDATA[MyAccount Pass]]>
            </line>
          </reporter-output>
        </test-method> <!-- test -->
        <test-method is-config="true" signature="logoutlive()[pri:0, instance:com.LawyerWangu.test.TestLogin@14d3bc22]" started-at="2021-08-03T16:12:13 IST" name="logoutlive" finished-at="2021-08-03T16:12:16 IST" duration-ms="3646" status="PASS">
          <reporter-output>
          </reporter-output>
        </test-method> <!-- logoutlive -->
        <test-method is-config="true" signature="closeBrowser()[pri:0, instance:com.LawyerWangu.test.TestLogin@14d3bc22]" started-at="2021-08-03T16:12:16 IST" name="closeBrowser" finished-at="2021-08-03T16:12:16 IST" duration-ms="68" status="PASS">
          <reporter-output>
          </reporter-output>
        </test-method> <!-- closeBrowser -->
      </class> <!-- com.LawyerWangu.test.TestLogin -->
    </test> <!-- Default test -->
  </suite> <!-- Default suite -->
</testng-results>
